<?xml version="1.0" encoding="utf-8"?><testsuites><testsuite name="pytest" errors="0" failures="0" skipped="0" tests="5" time="80.453" timestamp="2022-05-20T13:45:02.035812" hostname="HAARLT0167"><testcase classname="test_assignment" name="test_login" time="10.039" /><testcase classname="test_assignment" name="test_menuitems" time="36.698" /><testcase classname="test_assignment" name="test_rasiequeries" time="22.126" /><testcase classname="test_assignment" name="test_wescraping" time="10.885" /><testcase classname="test_assignment" name="test_closebrowser" time="0.159" /></testsuite></testsuites>